error: 2022-08-14T13:40:57.316Z Duplicate entry 'info@lcwaikiki.com' for key 'company.UK_company_email': Error: Duplicate entry 'info@lcwaikiki.com' for key 'company.UK_company_email'
    at PromiseConnection.execute (C:\projects\node-ts2\node_modules\mysql2\promise.js:111:22)
    at CompanyRepo.<anonymous> (C:\projects\node-ts2\dist\repositories\CompanyRepo.js:24:50)
    at Generator.next (<anonymous>)
    at C:\projects\node-ts2\dist\repositories\CompanyRepo.js:8:71
    at new Promise (<anonymous>)
    at __awaiter (C:\projects\node-ts2\dist\repositories\CompanyRepo.js:4:12)
    at CompanyRepo.newCompany (C:\projects\node-ts2\dist\repositories\CompanyRepo.js:22:16)
    at CompanyService.<anonymous> (C:\projects\node-ts2\dist\services\companyService.js:30:58)
    at Generator.next (<anonymous>)
    at fulfilled (C:\projects\node-ts2\dist\services\companyService.js:5:58)
info: 2022-08-14T13:55:11.887Z getSessionByToken sql:SELECT session.id session_id, session.user_id session_user_id, session.token session_token, session.remember_me session_remember_me, session.is_deleted session_is_deleted, session.created_time session_created_time, user.id user_id, user.name user_name, user.surname user_surname, user.email user_email, user.is_active user_is_active, user.is_deleted user_is_deleted, user.modified_time user_modified_time, user.created_time user_created_time FROM session LEFT JOIN user ON session.user_id = user.id WHERE session.is_deleted = 0 AND session.token = ?: 
info: 2022-08-14T13:58:15.179Z getSessionByToken sql:SELECT session.id session_id, session.user_id session_user_id, session.token session_token, session.remember_me session_remember_me, session.is_deleted session_is_deleted, session.created_time session_created_time, user.id user_id, user.name user_name, user.surname user_surname, user.email user_email, user.is_active user_is_active, user.is_deleted user_is_deleted, user.modified_time user_modified_time, user.created_time user_created_time FROM session LEFT JOIN user ON session.user_id = user.id WHERE session.is_deleted = 0 AND session.token = ?: 
info: 2022-08-14T13:59:34.527Z getSessionByToken sql:SELECT session.id session_id, session.user_id session_user_id, session.token session_token, session.remember_me session_remember_me, session.is_deleted session_is_deleted, session.created_time session_created_time, user.id user_id, user.name user_name, user.surname user_surname, user.email user_email, user.is_active user_is_active, user.is_deleted user_is_deleted, user.modified_time user_modified_time, user.created_time user_created_time FROM session LEFT JOIN user ON session.user_id = user.id WHERE session.is_deleted = 0 AND session.token = ?: 
info: 2022-08-14T14:02:18.345Z new company is created: Montenegro info@montenegro.com: 
error: 2022-08-14T14:03:21.442Z Cannot read properties of undefined (reading 'companyService'): TypeError: Cannot read properties of undefined (reading 'companyService')
    at C:\projects\node-ts2\dist\controllers\company.js:34:47
    at Generator.next (<anonymous>)
    at C:\projects\node-ts2\dist\controllers\company.js:8:71
    at new Promise (<anonymous>)
    at __awaiter (C:\projects\node-ts2\dist\controllers\company.js:4:12)
    at newCompany (C:\projects\node-ts2\dist\controllers\company.js:30:16)
    at Layer.handle [as handle_request] (C:\projects\node-ts2\node_modules\express\lib\router\layer.js:95:5)
    at next (C:\projects\node-ts2\node_modules\express\lib\router\route.js:144:13)
    at Route.dispatch (C:\projects\node-ts2\node_modules\express\lib\router\route.js:114:3)
    at Layer.handle [as handle_request] (C:\projects\node-ts2\node_modules\express\lib\router\layer.js:95:5)
error: 2022-08-14T14:04:57.643Z Cannot read properties of undefined (reading 'userService'): TypeError: Cannot read properties of undefined (reading 'userService')
    at C:\projects\node-ts2\dist\controllers\auth.js:45:42
    at Generator.next (<anonymous>)
    at C:\projects\node-ts2\dist\controllers\auth.js:8:71
    at new Promise (<anonymous>)
    at __awaiter (C:\projects\node-ts2\dist\controllers\auth.js:4:12)
    at login (C:\projects\node-ts2\dist\controllers\auth.js:42:16)
    at Layer.handle [as handle_request] (C:\projects\node-ts2\node_modules\express\lib\router\layer.js:95:5)
    at next (C:\projects\node-ts2\node_modules\express\lib\router\route.js:144:13)
    at Route.dispatch (C:\projects\node-ts2\node_modules\express\lib\router\route.js:114:3)
    at Layer.handle [as handle_request] (C:\projects\node-ts2\node_modules\express\lib\router\layer.js:95:5)
info: 2022-08-14T14:05:22.841Z getSessionByToken sql:SELECT session.id session_id, session.user_id session_user_id, session.token session_token, session.remember_me session_remember_me, session.is_deleted session_is_deleted, session.created_time session_created_time, user.id user_id, user.name user_name, user.surname user_surname, user.email user_email, user.is_active user_is_active, user.is_deleted user_is_deleted, user.modified_time user_modified_time, user.created_time user_created_time FROM session LEFT JOIN user ON session.user_id = user.id WHERE session.is_deleted = 0 AND session.token = ?: 
info: 2022-08-14T14:06:42.777Z getSessionByToken sql:SELECT session.id session_id, session.user_id session_user_id, session.token session_token, session.remember_me session_remember_me, session.is_deleted session_is_deleted, session.created_time session_created_time, user.id user_id, user.name user_name, user.surname user_surname, user.email user_email, user.is_active user_is_active, user.is_deleted user_is_deleted, user.modified_time user_modified_time, user.created_time user_created_time FROM session LEFT JOIN user ON session.user_id = user.id WHERE session.is_deleted = 0 AND session.token = ?: 
info: 2022-08-14T14:49:36.060Z getSessionByToken sql:SELECT session.id session_id, session.user_id session_user_id, session.token session_token, session.remember_me session_remember_me, session.is_deleted session_is_deleted, session.created_time session_created_time, user.id user_id, user.name user_name, user.surname user_surname, user.email user_email, user.is_active user_is_active, user.is_deleted user_is_deleted, user.modified_time user_modified_time, user.created_time user_created_time FROM session LEFT JOIN user ON session.user_id = user.id WHERE session.is_deleted = 0 AND session.token = ?: 
error: 2022-08-14T15:04:35.718Z You already logout: Error: You already logout
    at AuthController.<anonymous> (C:\projects\node-ts2\dist\controllers\auth.js:53:27)
    at Generator.next (<anonymous>)
    at C:\projects\node-ts2\dist\controllers\auth.js:8:71
    at new Promise (<anonymous>)
    at __awaiter (C:\projects\node-ts2\dist\controllers\auth.js:4:12)
    at AuthController.logout (C:\projects\node-ts2\dist\controllers\auth.js:49:43)
    at Layer.handle [as handle_request] (C:\projects\node-ts2\node_modules\express\lib\router\layer.js:95:5)
    at next (C:\projects\node-ts2\node_modules\express\lib\router\route.js:144:13)
    at Route.dispatch (C:\projects\node-ts2\node_modules\express\lib\router\route.js:114:3)
    at Layer.handle [as handle_request] (C:\projects\node-ts2\node_modules\express\lib\router\layer.js:95:5)
info: 2022-08-14T15:06:54.493Z getSessionByToken sql:SELECT session.id session_id, session.user_id session_user_id, session.token session_token, session.remember_me session_remember_me, session.is_deleted session_is_deleted, session.created_time session_created_time, user.id user_id, user.name user_name, user.surname user_surname, user.email user_email, user.is_active user_is_active, user.is_deleted user_is_deleted, user.modified_time user_modified_time, user.created_time user_created_time FROM session LEFT JOIN user ON session.user_id = user.id WHERE session.is_deleted = 0 AND session.token = ?: 
info: 2022-08-14T15:06:54.570Z yekin_zulfikari@outlook.com is logout: 
info: 2022-08-14T15:07:23.645Z getSessionByToken sql:SELECT session.id session_id, session.user_id session_user_id, session.token session_token, session.remember_me session_remember_me, session.is_deleted session_is_deleted, session.created_time session_created_time, user.id user_id, user.name user_name, user.surname user_surname, user.email user_email, user.is_active user_is_active, user.is_deleted user_is_deleted, user.modified_time user_modified_time, user.created_time user_created_time FROM session LEFT JOIN user ON session.user_id = user.id WHERE session.is_deleted = 0 AND session.token = ?: 
info: 2022-08-14T15:13:17.221Z getSessionByToken sql:SELECT session.id session_id, session.user_id session_user_id, session.token session_token, session.remember_me session_remember_me, session.is_deleted session_is_deleted, session.created_time session_created_time, user.id user_id, user.name user_name, user.surname user_surname, user.email user_email, user.is_active user_is_active, user.is_deleted user_is_deleted, user.modified_time user_modified_time, user.created_time user_created_time FROM session LEFT JOIN user ON session.user_id = user.id WHERE session.is_deleted = 0 AND session.token = ?: 
info: 2022-08-14T15:14:01.335Z getSessionByToken sql:SELECT session.id session_id, session.user_id session_user_id, session.token session_token, session.remember_me session_remember_me, session.is_deleted session_is_deleted, session.created_time session_created_time, user.id user_id, user.name user_name, user.surname user_surname, user.email user_email, user.is_active user_is_active, user.is_deleted user_is_deleted, user.modified_time user_modified_time, user.created_time user_created_time FROM session LEFT JOIN user ON session.user_id = user.id WHERE session.is_deleted = 0 AND session.token = ?: 
info: 2022-08-14T15:14:28.252Z getSessionByToken sql:SELECT session.id session_id, session.user_id session_user_id, session.token session_token, session.remember_me session_remember_me, session.is_deleted session_is_deleted, session.created_time session_created_time, user.id user_id, user.name user_name, user.surname user_surname, user.email user_email, user.is_active user_is_active, user.is_deleted user_is_deleted, user.modified_time user_modified_time, user.created_time user_created_time FROM session LEFT JOIN user ON session.user_id = user.id WHERE session.is_deleted = 0 AND session.token = ?: 
info: 2022-08-14T15:14:55.509Z getSessionByToken sql:SELECT session.id session_id, session.user_id session_user_id, session.token session_token, session.remember_me session_remember_me, session.is_deleted session_is_deleted, session.created_time session_created_time, user.id user_id, user.name user_name, user.surname user_surname, user.email user_email, user.is_active user_is_active, user.is_deleted user_is_deleted, user.modified_time user_modified_time, user.created_time user_created_time FROM session LEFT JOIN user ON session.user_id = user.id WHERE session.is_deleted = 0 AND session.token = ?: 
error: 2022-08-14T15:14:55.517Z Bind parameters must not contain undefined. To pass SQL NULL specify JS null: TypeError: Bind parameters must not contain undefined. To pass SQL NULL specify JS null
    at C:\projects\node-ts2\node_modules\mysql2\lib\connection.js:628:17
    at Array.forEach (<anonymous>)
    at Connection.execute (C:\projects\node-ts2\node_modules\mysql2\lib\connection.js:620:22)
    at C:\projects\node-ts2\node_modules\mysql2\promise.js:120:11
    at new Promise (<anonymous>)
    at PromiseConnection.execute (C:\projects\node-ts2\node_modules\mysql2\promise.js:117:12)
    at UserRepo.<anonymous> (C:\projects\node-ts2\dist\repositories\UserRepository.js:70:39)
    at Generator.next (<anonymous>)
    at C:\projects\node-ts2\dist\repositories\UserRepository.js:8:71
    at new Promise (<anonymous>)
info: 2022-08-14T15:36:21.446Z getSessionByToken sql:SELECT session.id session_id, session.user_id session_user_id, session.token session_token, session.remember_me session_remember_me, session.is_deleted session_is_deleted, session.created_time session_created_time, user.id user_id, user.name user_name, user.surname user_surname, user.email user_email, user.is_active user_is_active, user.is_deleted user_is_deleted, user.modified_time user_modified_time, user.created_time user_created_time FROM session LEFT JOIN user ON session.user_id = user.id WHERE session.is_deleted = 0 AND session.token = ?: 
error: 2022-08-14T15:36:21.449Z Bind parameters must not contain undefined. To pass SQL NULL specify JS null: TypeError: Bind parameters must not contain undefined. To pass SQL NULL specify JS null
    at C:\projects\node-ts2\node_modules\mysql2\lib\connection.js:628:17
    at Array.forEach (<anonymous>)
    at Connection.execute (C:\projects\node-ts2\node_modules\mysql2\lib\connection.js:620:22)
    at C:\projects\node-ts2\node_modules\mysql2\promise.js:120:11
    at new Promise (<anonymous>)
    at PromiseConnection.execute (C:\projects\node-ts2\node_modules\mysql2\promise.js:117:12)
    at UserRepo.<anonymous> (C:\projects\node-ts2\dist\repositories\UserRepository.js:70:39)
    at Generator.next (<anonymous>)
    at C:\projects\node-ts2\dist\repositories\UserRepository.js:8:71
    at new Promise (<anonymous>)
info: 2022-08-14T15:46:44.079Z login user: undefined: 
info: 2022-08-14T15:47:17.447Z login user: [object Object]: 
info: 2022-08-14T15:47:17.485Z getSessionByToken sql:SELECT session.id session_id, session.user_id session_user_id, session.token session_token, session.remember_me session_remember_me, session.is_deleted session_is_deleted, session.created_time session_created_time, user.id user_id, user.name user_name, user.surname user_surname, user.email user_email, user.is_active user_is_active, user.is_deleted user_is_deleted, user.modified_time user_modified_time, user.created_time user_created_time FROM session LEFT JOIN user ON session.user_id = user.id WHERE session.is_deleted = 0 AND session.token = ?: 
info: 2022-08-14T15:47:58.171Z login user: undefined: 
info: 2022-08-14T16:02:11.004Z getUserByEmailAndPassword sql: SELECT user.id user_id, user.name user_name, user.surname user_surname, user.email user_email, user.is_active user_is_active, user.is_deleted user_is_deleted, user.modified_time user_modified_time, user.created_time user_created_time FROM user WHERE email = ? AND password = PASSWORD2(?) AND is_deleted = 0: 
info: 2022-08-14T16:02:11.034Z login user: [object Object]: 
error: 2022-08-14T16:02:11.036Z User is not active, Please activate user!: Error: User is not active, Please activate user!
    at UserService.<anonymous> (C:\projects\node-ts2\dist\services\UserService.js:107:31)
    at Generator.next (<anonymous>)
    at fulfilled (C:\projects\node-ts2\dist\services\UserService.js:5:58)
    at processTicksAndRejections (node:internal/process/task_queues:96:5)
info: 2022-08-14T16:03:09.668Z getUserByEmailAndPassword sql: SELECT user.id user_id, user.name user_name, user.surname user_surname, user.email user_email, user.is_active user_is_active, user.is_deleted user_is_deleted, user.modified_time user_modified_time, user.created_time user_created_time FROM user WHERE email = ? AND password = PASSWORD2(?) AND is_deleted = 0: 
info: 2022-08-14T16:03:09.681Z login user: [object Object]: 
info: 2022-08-14T16:03:09.703Z getSessionByToken sql:SELECT session.id session_id, session.user_id session_user_id, session.token session_token, session.remember_me session_remember_me, session.is_deleted session_is_deleted, session.created_time session_created_time, user.id user_id, user.name user_name, user.surname user_surname, user.email user_email, user.is_active user_is_active, user.is_deleted user_is_deleted, user.modified_time user_modified_time, user.created_time user_created_time FROM session LEFT JOIN user ON session.user_id = user.id WHERE session.is_deleted = 0 AND session.token = ?: 
info: 2022-08-14T16:03:35.333Z getSessionByToken sql:SELECT session.id session_id, session.user_id session_user_id, session.token session_token, session.remember_me session_remember_me, session.is_deleted session_is_deleted, session.created_time session_created_time, user.id user_id, user.name user_name, user.surname user_surname, user.email user_email, user.is_active user_is_active, user.is_deleted user_is_deleted, user.modified_time user_modified_time, user.created_time user_created_time FROM session LEFT JOIN user ON session.user_id = user.id WHERE session.is_deleted = 0 AND session.token = ?: 
info: 2022-08-14T16:06:27.534Z getSessionByToken sql:SELECT session.id session_id, session.user_id session_user_id, session.token session_token, session.remember_me session_remember_me, session.is_deleted session_is_deleted, session.created_time session_created_time, user.id user_id, user.name user_name, user.surname user_surname, user.email user_email, user.is_active user_is_active, user.is_deleted user_is_deleted, user.modified_time user_modified_time, user.created_time user_created_time FROM session LEFT JOIN user ON session.user_id = user.id WHERE session.is_deleted = 0 AND session.token = ?: 
info: 2022-08-14T16:06:31.481Z getSessionByToken sql:SELECT session.id session_id, session.user_id session_user_id, session.token session_token, session.remember_me session_remember_me, session.is_deleted session_is_deleted, session.created_time session_created_time, user.id user_id, user.name user_name, user.surname user_surname, user.email user_email, user.is_active user_is_active, user.is_deleted user_is_deleted, user.modified_time user_modified_time, user.created_time user_created_time FROM session LEFT JOIN user ON session.user_id = user.id WHERE session.is_deleted = 0 AND session.token = ?: 
info: 2022-08-14T16:06:31.511Z yekin_zulfikari@outlook.com is logout: 
info: 2022-08-14T16:06:35.402Z getSessionByToken sql:SELECT session.id session_id, session.user_id session_user_id, session.token session_token, session.remember_me session_remember_me, session.is_deleted session_is_deleted, session.created_time session_created_time, user.id user_id, user.name user_name, user.surname user_surname, user.email user_email, user.is_active user_is_active, user.is_deleted user_is_deleted, user.modified_time user_modified_time, user.created_time user_created_time FROM session LEFT JOIN user ON session.user_id = user.id WHERE session.is_deleted = 0 AND session.token = ?: 
info: 2022-08-14T16:06:56.068Z getSessionByToken sql:SELECT session.id session_id, session.user_id session_user_id, session.token session_token, session.remember_me session_remember_me, session.is_deleted session_is_deleted, session.created_time session_created_time, user.id user_id, user.name user_name, user.surname user_surname, user.email user_email, user.is_active user_is_active, user.is_deleted user_is_deleted, user.modified_time user_modified_time, user.created_time user_created_time FROM session LEFT JOIN user ON session.user_id = user.id WHERE session.is_deleted = 0 AND session.token = ?: 
info: 2022-08-14T16:07:04.506Z getSessionByToken sql:SELECT session.id session_id, session.user_id session_user_id, session.token session_token, session.remember_me session_remember_me, session.is_deleted session_is_deleted, session.created_time session_created_time, user.id user_id, user.name user_name, user.surname user_surname, user.email user_email, user.is_active user_is_active, user.is_deleted user_is_deleted, user.modified_time user_modified_time, user.created_time user_created_time FROM session LEFT JOIN user ON session.user_id = user.id WHERE session.is_deleted = 0 AND session.token = ?: 
info: 2022-08-14T16:07:04.533Z yekin_zulfikari3@outlook.com is logout: 
info: 2022-08-14T16:07:21.835Z getSessionByToken sql:SELECT session.id session_id, session.user_id session_user_id, session.token session_token, session.remember_me session_remember_me, session.is_deleted session_is_deleted, session.created_time session_created_time, user.id user_id, user.name user_name, user.surname user_surname, user.email user_email, user.is_active user_is_active, user.is_deleted user_is_deleted, user.modified_time user_modified_time, user.created_time user_created_time FROM session LEFT JOIN user ON session.user_id = user.id WHERE session.is_deleted = 0 AND session.token = ?: 
info: 2022-08-14T16:12:22.967Z getSessionByToken sql:SELECT session.id session_id, session.user_id session_user_id, session.token session_token, session.remember_me session_remember_me, session.is_deleted session_is_deleted, session.created_time session_created_time, user.id user_id, user.name user_name, user.surname user_surname, user.email user_email, user.is_active user_is_active, user.is_deleted user_is_deleted, user.modified_time user_modified_time, user.created_time user_created_time FROM session LEFT JOIN user ON session.user_id = user.id WHERE session.is_deleted = 0 AND session.token = ?: 
info: 2022-08-14T16:12:30.091Z getUserByEmailAndPassword sql: SELECT user.id user_id, user.name user_name, user.surname user_surname, user.email user_email, user.is_active user_is_active, user.is_deleted user_is_deleted, user.modified_time user_modified_time, user.created_time user_created_time FROM user WHERE email = ? AND password = PASSWORD2(?) AND is_deleted = 0: 
info: 2022-08-14T16:12:30.106Z login user: [object Object]: 
info: 2022-08-14T16:12:30.126Z getSessionByToken sql:SELECT session.id session_id, session.user_id session_user_id, session.token session_token, session.remember_me session_remember_me, session.is_deleted session_is_deleted, session.created_time session_created_time, user.id user_id, user.name user_name, user.surname user_surname, user.email user_email, user.is_active user_is_active, user.is_deleted user_is_deleted, user.modified_time user_modified_time, user.created_time user_created_time FROM session LEFT JOIN user ON session.user_id = user.id WHERE session.is_deleted = 0 AND session.token = ?: 
info: 2022-08-14T16:12:50.934Z getSessionByToken sql:SELECT session.id session_id, session.user_id session_user_id, session.token session_token, session.remember_me session_remember_me, session.is_deleted session_is_deleted, session.created_time session_created_time, user.id user_id, user.name user_name, user.surname user_surname, user.email user_email, user.is_active user_is_active, user.is_deleted user_is_deleted, user.modified_time user_modified_time, user.created_time user_created_time FROM session LEFT JOIN user ON session.user_id = user.id WHERE session.is_deleted = 0 AND session.token = ?: 
info: 2022-08-14T16:12:57.432Z getSessionByToken sql:SELECT session.id session_id, session.user_id session_user_id, session.token session_token, session.remember_me session_remember_me, session.is_deleted session_is_deleted, session.created_time session_created_time, user.id user_id, user.name user_name, user.surname user_surname, user.email user_email, user.is_active user_is_active, user.is_deleted user_is_deleted, user.modified_time user_modified_time, user.created_time user_created_time FROM session LEFT JOIN user ON session.user_id = user.id WHERE session.is_deleted = 0 AND session.token = ?: 
info: 2022-08-14T16:14:05.976Z getSessionByToken sql:SELECT session.id session_id, session.user_id session_user_id, session.token session_token, session.remember_me session_remember_me, session.is_deleted session_is_deleted, session.created_time session_created_time, user.id user_id, user.name user_name, user.surname user_surname, user.email user_email, user.is_active user_is_active, user.is_deleted user_is_deleted, user.modified_time user_modified_time, user.created_time user_created_time FROM session LEFT JOIN user ON session.user_id = user.id WHERE session.is_deleted = 0 AND session.token = ?: 
info: 2022-08-14T16:14:10.720Z getSessionByToken sql:SELECT session.id session_id, session.user_id session_user_id, session.token session_token, session.remember_me session_remember_me, session.is_deleted session_is_deleted, session.created_time session_created_time, user.id user_id, user.name user_name, user.surname user_surname, user.email user_email, user.is_active user_is_active, user.is_deleted user_is_deleted, user.modified_time user_modified_time, user.created_time user_created_time FROM session LEFT JOIN user ON session.user_id = user.id WHERE session.is_deleted = 0 AND session.token = ?: 
info: 2022-08-14T16:40:36.724Z companyId: 2 is activated: 
info: 2022-08-14T16:57:08.638Z getSessionByToken sql:SELECT session.id session_id, session.user_id session_user_id, session.token session_token, session.remember_me session_remember_me, session.is_deleted session_is_deleted, session.created_time session_created_time, user.id user_id, user.name user_name, user.surname user_surname, user.email user_email, user.is_active user_is_active, user.is_deleted user_is_deleted, user.modified_time user_modified_time, user.created_time user_created_time FROM session LEFT JOIN user ON session.user_id = user.id WHERE session.is_deleted = 0 AND session.token = ?: 
info: 2022-08-14T16:57:08.683Z companyId: 2 is activated: 
info: 2022-08-14T16:57:54.316Z getSessionByToken sql:SELECT session.id session_id, session.user_id session_user_id, session.token session_token, session.remember_me session_remember_me, session.is_deleted session_is_deleted, session.created_time session_created_time, user.id user_id, user.name user_name, user.surname user_surname, user.email user_email, user.is_active user_is_active, user.is_deleted user_is_deleted, user.modified_time user_modified_time, user.created_time user_created_time FROM session LEFT JOIN user ON session.user_id = user.id WHERE session.is_deleted = 0 AND session.token = ?: 
info: 2022-08-14T16:58:17.209Z getSessionByToken sql:SELECT session.id session_id, session.user_id session_user_id, session.token session_token, session.remember_me session_remember_me, session.is_deleted session_is_deleted, session.created_time session_created_time, user.id user_id, user.name user_name, user.surname user_surname, user.email user_email, user.is_active user_is_active, user.is_deleted user_is_deleted, user.modified_time user_modified_time, user.created_time user_created_time FROM session LEFT JOIN user ON session.user_id = user.id WHERE session.is_deleted = 0 AND session.token = ?: 
info: 2022-08-14T16:58:17.240Z companyId: 2 is activated: 
info: 2022-08-14T16:58:28.439Z getSessionByToken sql:SELECT session.id session_id, session.user_id session_user_id, session.token session_token, session.remember_me session_remember_me, session.is_deleted session_is_deleted, session.created_time session_created_time, user.id user_id, user.name user_name, user.surname user_surname, user.email user_email, user.is_active user_is_active, user.is_deleted user_is_deleted, user.modified_time user_modified_time, user.created_time user_created_time FROM session LEFT JOIN user ON session.user_id = user.id WHERE session.is_deleted = 0 AND session.token = ?: 
info: 2022-08-14T16:58:28.470Z companyId: 7 is activated: 
info: 2022-08-14T16:58:43.372Z getSessionByToken sql:SELECT session.id session_id, session.user_id session_user_id, session.token session_token, session.remember_me session_remember_me, session.is_deleted session_is_deleted, session.created_time session_created_time, user.id user_id, user.name user_name, user.surname user_surname, user.email user_email, user.is_active user_is_active, user.is_deleted user_is_deleted, user.modified_time user_modified_time, user.created_time user_created_time FROM session LEFT JOIN user ON session.user_id = user.id WHERE session.is_deleted = 0 AND session.token = ?: 
info: 2022-08-14T16:58:43.401Z companyId: 4 is activated: 
info: 2022-08-14T16:58:53.156Z getSessionByToken sql:SELECT session.id session_id, session.user_id session_user_id, session.token session_token, session.remember_me session_remember_me, session.is_deleted session_is_deleted, session.created_time session_created_time, user.id user_id, user.name user_name, user.surname user_surname, user.email user_email, user.is_active user_is_active, user.is_deleted user_is_deleted, user.modified_time user_modified_time, user.created_time user_created_time FROM session LEFT JOIN user ON session.user_id = user.id WHERE session.is_deleted = 0 AND session.token = ?: 
info: 2022-08-14T16:58:53.184Z companyId: 5 is activated: 
