info: 2022-08-15T21:15:51.051Z getSessionByToken sql:SELECT session.id session_id, session.user_id session_user_id, session.token session_token, session.remember_me session_remember_me, session.is_deleted session_is_deleted, session.created_time session_created_time, user.id user_id, user.name user_name, user.surname user_surname, user.email user_email, user.is_active user_is_active, user.is_deleted user_is_deleted, user.modified_time user_modified_time, user.created_time user_created_time FROM session LEFT JOIN user ON session.user_id = user.id WHERE session.is_deleted = 0 AND session.token = ?: 
error: 2022-08-15T21:45:45.883Z Unexpected field: MulterError: Unexpected field
    at wrappedFileFilter (C:\Users\Yekin\git\nabi-app\node_modules\multer\index.js:40:19)
    at Multipart.<anonymous> (C:\Users\Yekin\git\nabi-app\node_modules\multer\lib\make-middleware.js:107:7)
    at Multipart.emit (node:events:520:28)
    at HeaderParser.cb (C:\Users\Yekin\git\nabi-app\node_modules\busboy\lib\types\multipart.js:358:14)
    at HeaderParser.push (C:\Users\Yekin\git\nabi-app\node_modules\busboy\lib\types\multipart.js:162:20)
    at SBMH.ssCb [as _cb] (C:\Users\Yekin\git\nabi-app\node_modules\busboy\lib\types\multipart.js:394:37)
    at feed (C:\Users\Yekin\git\nabi-app\node_modules\streamsearch\lib\sbmh.js:200:10)
    at SBMH.push (C:\Users\Yekin\git\nabi-app\node_modules\streamsearch\lib\sbmh.js:104:16)
    at Multipart._write (C:\Users\Yekin\git\nabi-app\node_modules\busboy\lib\types\multipart.js:567:19)
    at writeOrBuffer (node:internal/streams/writable:389:12)
error: 2022-08-15T21:48:33.439Z Unexpected field: MulterError: Unexpected field
    at wrappedFileFilter (C:\Users\Yekin\git\nabi-app\node_modules\multer\index.js:40:19)
    at Multipart.<anonymous> (C:\Users\Yekin\git\nabi-app\node_modules\multer\lib\make-middleware.js:107:7)
    at Multipart.emit (node:events:520:28)
    at HeaderParser.cb (C:\Users\Yekin\git\nabi-app\node_modules\busboy\lib\types\multipart.js:358:14)
    at HeaderParser.push (C:\Users\Yekin\git\nabi-app\node_modules\busboy\lib\types\multipart.js:162:20)
    at SBMH.ssCb [as _cb] (C:\Users\Yekin\git\nabi-app\node_modules\busboy\lib\types\multipart.js:394:37)
    at feed (C:\Users\Yekin\git\nabi-app\node_modules\streamsearch\lib\sbmh.js:248:10)
    at SBMH.push (C:\Users\Yekin\git\nabi-app\node_modules\streamsearch\lib\sbmh.js:104:16)
    at Multipart._write (C:\Users\Yekin\git\nabi-app\node_modules\busboy\lib\types\multipart.js:567:19)
    at writeOrBuffer (node:internal/streams/writable:389:12)
error: 2022-08-15T21:52:17.659Z Unexpected field: MulterError: Unexpected field
    at wrappedFileFilter (C:\Users\Yekin\git\nabi-app\node_modules\multer\index.js:40:19)
    at Multipart.<anonymous> (C:\Users\Yekin\git\nabi-app\node_modules\multer\lib\make-middleware.js:107:7)
    at Multipart.emit (node:events:520:28)
    at HeaderParser.cb (C:\Users\Yekin\git\nabi-app\node_modules\busboy\lib\types\multipart.js:358:14)
    at HeaderParser.push (C:\Users\Yekin\git\nabi-app\node_modules\busboy\lib\types\multipart.js:162:20)
    at SBMH.ssCb [as _cb] (C:\Users\Yekin\git\nabi-app\node_modules\busboy\lib\types\multipart.js:394:37)
    at feed (C:\Users\Yekin\git\nabi-app\node_modules\streamsearch\lib\sbmh.js:248:10)
    at SBMH.push (C:\Users\Yekin\git\nabi-app\node_modules\streamsearch\lib\sbmh.js:104:16)
    at Multipart._write (C:\Users\Yekin\git\nabi-app\node_modules\busboy\lib\types\multipart.js:567:19)
    at writeOrBuffer (node:internal/streams/writable:389:12)
info: 2022-08-15T21:52:55.325Z new company is created: test test@info.com: 
info: 2022-08-15T21:56:13.416Z new company is created: test test@info.com: 
